0 info it worked if it ends with ok
1 verbose cli [ 'C:\\Program Files (x86)\\nodejs\\\\node.exe',
1 verbose cli   'C:\\Program Files (x86)\\nodejs\\node_modules\\npm\\bin\\npm-cli.js',
1 verbose cli   'install',
1 verbose cli   'bootstrap-sass-official' ]
2 info using npm@1.4.28
3 info using node@v0.10.33
4 verbose node symlink C:\Program Files (x86)\nodejs\\node.exe
5 warn package.json karma-chrome-launcher@0.1.5 No README data
6 warn package.json karma-coffee-preprocessor@0.2.1 No README data
7 warn package.json karma-phantomjs-launcher@0.1.4 No README data
8 warn package.json passport-local@0.1.6 No README data
9 verbose readDependencies using package.json deps
10 verbose cache add [ 'bootstrap-sass-official', null ]
11 verbose cache add name=undefined spec="bootstrap-sass-official" args=["bootstrap-sass-official",null]
12 verbose parsed url { protocol: null,
12 verbose parsed url   slashes: null,
12 verbose parsed url   auth: null,
12 verbose parsed url   host: null,
12 verbose parsed url   port: null,
12 verbose parsed url   hostname: null,
12 verbose parsed url   hash: null,
12 verbose parsed url   search: null,
12 verbose parsed url   query: null,
12 verbose parsed url   pathname: 'bootstrap-sass-official',
12 verbose parsed url   path: 'bootstrap-sass-official',
12 verbose parsed url   href: 'bootstrap-sass-official' }
13 silly lockFile 16295992-bootstrap-sass-official bootstrap-sass-official
14 verbose lock bootstrap-sass-official C:\Users\paul\AppData\Roaming\npm-cache\16295992-bootstrap-sass-official.lock
15 silly lockFile 16295992-bootstrap-sass-official bootstrap-sass-official
16 silly lockFile 16295992-bootstrap-sass-official bootstrap-sass-official
17 verbose addNamed [ 'bootstrap-sass-official', '' ]
18 verbose addNamed [ null, '*' ]
19 silly lockFile ac85c0d0-bootstrap-sass-official bootstrap-sass-official@
20 verbose lock bootstrap-sass-official@ C:\Users\paul\AppData\Roaming\npm-cache\ac85c0d0-bootstrap-sass-official.lock
21 silly addNameRange { name: 'bootstrap-sass-official', range: '*', hasData: false }
22 verbose request where is /bootstrap-sass-official
23 verbose request registry https://registry.npmjs.org/
24 verbose request id d26f5c203fe44100
25 verbose url raw /bootstrap-sass-official
26 verbose url resolving [ 'https://registry.npmjs.org/', './bootstrap-sass-official' ]
27 verbose url resolved https://registry.npmjs.org/bootstrap-sass-official
28 verbose request where is https://registry.npmjs.org/bootstrap-sass-official
29 info trying registry request attempt 1 at 17:19:02
30 http GET https://registry.npmjs.org/bootstrap-sass-official
31 http 404 https://registry.npmjs.org/bootstrap-sass-official
32 verbose headers { date: 'Sat, 29 Nov 2014 22:19:04 GMT',
32 verbose headers   server: 'CouchDB/1.5.0 (Erlang OTP/R16B03)',
32 verbose headers   'content-type': 'application/json',
32 verbose headers   'cache-control': 'max-age=0',
32 verbose headers   'content-length': '52',
32 verbose headers   'accept-ranges': 'bytes',
32 verbose headers   via: '1.1 varnish',
32 verbose headers   age: '0',
32 verbose headers   'x-served-by': 'cache-atl6230-ATL',
32 verbose headers   'x-cache': 'MISS',
32 verbose headers   'x-cache-hits': '0',
32 verbose headers   'x-timer': 'S1417299544.357632,VS0,VE312',
32 verbose headers   'keep-alive': 'timeout=10, max=50',
32 verbose headers   connection: 'Keep-Alive' }
33 silly registry.get cb [ 404,
33 silly registry.get   { date: 'Sat, 29 Nov 2014 22:19:04 GMT',
33 silly registry.get     server: 'CouchDB/1.5.0 (Erlang OTP/R16B03)',
33 silly registry.get     'content-type': 'application/json',
33 silly registry.get     'cache-control': 'max-age=0',
33 silly registry.get     'content-length': '52',
33 silly registry.get     'accept-ranges': 'bytes',
33 silly registry.get     via: '1.1 varnish',
33 silly registry.get     age: '0',
33 silly registry.get     'x-served-by': 'cache-atl6230-ATL',
33 silly registry.get     'x-cache': 'MISS',
33 silly registry.get     'x-cache-hits': '0',
33 silly registry.get     'x-timer': 'S1417299544.357632,VS0,VE312',
33 silly registry.get     'keep-alive': 'timeout=10, max=50',
33 silly registry.get     connection: 'Keep-Alive' } ]
34 silly lockFile ac85c0d0-bootstrap-sass-official bootstrap-sass-official@
35 silly lockFile ac85c0d0-bootstrap-sass-official bootstrap-sass-official@
36 error 404 404 Not Found: bootstrap-sass-official
36 error 404
36 error 404 'bootstrap-sass-official' is not in the npm registry.
36 error 404 You should bug the author to publish it
36 error 404 It was specified as a dependency of 'mimely'
36 error 404
36 error 404 Note that you can also install from a
36 error 404 tarball, folder, or http url, or git url.
37 error System Windows_NT 6.2.9200
38 error command "C:\\Program Files (x86)\\nodejs\\\\node.exe" "C:\\Program Files (x86)\\nodejs\\node_modules\\npm\\bin\\npm-cli.js" "install" "bootstrap-sass-official"
39 error cwd C:\Users\paul\Desktop\mimely
40 error node -v v0.10.33
41 error npm -v 1.4.28
42 error code E404
43 verbose exit [ 1, true ]
